nohup: ignoring input
/usr/local/bin/matlab: 1: /usr/local/MATLAB/R2012a/bin/util/oscheck.sh: /lib64/libc.so.6: not found
Warning: No display specified.  You will not be able to display graphics on the screen.
Warning: No window system found.  Java option 'MWT' ignored

                            < M A T L A B (R) >
                  Copyright 1984-2012 The MathWorks, Inc.
                    R2012a (7.14.0.739) 64-bit (glnxa64)
                              February 9, 2012

    ----------------------------------------------------
	Your MATLAB license will expire in 18 days.
	Please contact your system administrator or
	MathWorks to renew this license.
    ----------------------------------------------------
 
To get started, type one of these: helpwin, helpdesk, or demo.
For product information, visit www.mathworks.com.
 
initializing complete... training started
    0.1604    0.8973

    0.1591    0.8979

    0.1494    0.8985

    0.1501    0.8978

    0.1475    0.8971

    0.1515    0.8988

    0.1491    0.8988

    0.1430    0.8964

    0.1417    0.8961

    0.1391    0.8959

    0.1395    0.8945

    0.1408    0.8959

    0.1395    0.8958

    0.1363    0.8947

    0.1342    0.8948

    0.1292    0.8965

    0.1329    0.8939

    0.1280    0.8931

    0.1234    0.8936

    0.1306    0.8924

    0.1255    0.8930

    0.1259    0.8899

    0.1275    0.8918

    0.1178    0.8885

    0.1203    0.8878

    0.1181    0.8865

    0.1175    0.8879

    0.1192    0.8821

    0.1186    0.8825

    0.1176    0.8794

    0.1199    0.8771

    0.1143    0.8758

    0.1083    0.8716

    0.1121    0.8688

    0.1144    0.8643

    0.1097    0.8585

    0.1111    0.8541

    0.1071    0.8540

    0.1118    0.8485

    0.1075    0.8418

    0.1116    0.8375

    0.1072    0.8313

    0.1089    0.8266

    0.1058    0.8227

    0.1115    0.8099

    0.1100    0.8051

    0.1129    0.8004

    0.1125    0.7908

    0.1103    0.7846

    0.1086    0.7787

    0.1126    0.7726

    0.1109    0.7662

    0.1106    0.7617

    0.1098    0.7545

    0.1085    0.7463

    0.1144    0.7415

    0.1127    0.7355

    0.1148    0.7303

    0.1160    0.7210

    0.1139    0.7149

    0.1161    0.7092

    0.1150    0.7033

    0.1129    0.7028

    0.1178    0.6941

    0.1176    0.6919

    0.1152    0.6855

    0.1165    0.6816

    0.1171    0.6739

    0.1165    0.6714

    0.1192    0.6694

    0.1180    0.6624

    0.1178    0.6604

    0.1201    0.6568

    0.1198    0.6532

    0.1189    0.6477

    0.1207    0.6442

    0.1192    0.6411

    0.1166    0.6371

    0.1201    0.6311

    0.1214    0.6319

    0.1186    0.6263

    0.1225    0.6230

    0.1225    0.6195

    0.1203    0.6169

    0.1223    0.6136

    0.1205    0.6138

    0.1170    0.6127

    0.1231    0.6075

    0.1268    0.6054

    0.1218    0.6012

    0.1233    0.6023

    0.1208    0.5988

    0.1192    0.5990

    0.1203    0.5951

    0.1207    0.5939

    0.1210    0.5915

    0.1233    0.5897

    0.1262    0.5863

    0.1238    0.5852

    0.1225    0.5839

    0.1246    0.5854

    0.1209    0.5823

    0.1227    0.5823

    0.1176    0.5790

    0.1232    0.5818

    0.1197    0.5752

    0.1206    0.5747

    0.1215    0.5737

    0.1233    0.5736

    0.1211    0.5753

    0.1214    0.5732

    0.1225    0.5716

    0.1212    0.5672

    0.1220    0.5682

    0.1209    0.5663

    0.1200    0.5681

    0.1216    0.5678

    0.1183    0.5643

    0.1200    0.5664

    0.1226    0.5656

    0.1216    0.5643

    0.1210    0.5635

    0.1196    0.5639

    0.1176    0.5627

    0.1216    0.5615

    0.1197    0.5619

    0.1177    0.5585

    0.1182    0.5588

    0.1166    0.5604

    0.1194    0.5585

    0.1196    0.5593

    0.1198    0.5593

    0.1191    0.5613

    0.1162    0.5599

    0.1170    0.5580

    0.1153    0.5581

    0.1161    0.5575

    0.1148    0.5537

    0.1158    0.5529

    0.1138    0.5580

    0.1152    0.5581

    0.1150    0.5557

    0.1107    0.5558

    0.1140    0.5566

    0.1136    0.5578

    0.1119    0.5561

    0.1126    0.5562

    0.1141    0.5545

    0.1133    0.5554

    0.1138    0.5561

    0.1104    0.5534

    0.1104    0.5557

    0.1107    0.5533

    0.1079    0.5527

    0.1087    0.5514

    0.1100    0.5517

    0.1089    0.5515

    0.1103    0.5502

    0.1085    0.5477

    0.1074    0.5472

    0.1088    0.5483

    0.1104    0.5483

    0.1061    0.5423

    0.1090    0.5479

    0.1086    0.5456

    0.1077    0.5419

    0.1081    0.5445

    0.1076    0.5372

    0.1072    0.5395

    0.1068    0.5383

    0.1093    0.5402

    0.1077    0.5385

    0.1098    0.5377

    0.1079    0.5367

    0.1082    0.5343

    0.1052    0.5331

    0.1062    0.5328

    0.1053    0.5361

    0.1067    0.5347

    0.1087    0.5336

    0.1026    0.5309

    0.1055    0.5278

    0.1043    0.5318

    0.1065    0.5281

    0.1038    0.5285

    0.1053    0.5290

    0.1058    0.5314

    0.1051    0.5301

    0.1045    0.5277

    0.1040    0.5274

    0.1052    0.5288

    0.1035    0.5265

    0.1028    0.5325

    0.1016    0.5253

    0.1031    0.5262

    0.1016    0.5270

    0.1015    0.5217

    0.1001    0.5233

    0.1010    0.5242

    0.1001    0.5224

    0.1026    0.5220

    0.1024    0.5239

    0.1014    0.5217

    0.1035    0.5219

    0.1009    0.5218

    0.1006    0.5218

    0.0984    0.5249

    0.0980    0.5202

    0.0987    0.5183

    0.0991    0.5182

    0.1011    0.5192

    0.0995    0.5168

    0.1016    0.5186

    0.0999    0.5226

    0.0991    0.5198

    0.0991    0.5180

    0.0989    0.5164

    0.0963    0.5194

    0.0998    0.5169

    0.0997    0.5134

    0.0967    0.5154

    0.0980    0.5143

    0.0982    0.5121

    0.0992    0.5099

    0.0976    0.5119

    0.0969    0.5070

    0.0972    0.5102

    0.0965    0.5120

    0.0966    0.5092

    0.0971    0.5078

    0.0970    0.5114

    0.0980    0.5107

    0.0976    0.5072

    0.0961    0.5062

    0.0975    0.5083

    0.0985    0.5051

    0.0972    0.5061

    0.0965    0.5054

    0.0954    0.5058

    0.0987    0.5063

    0.0962    0.5011

    0.0957    0.5036

    0.0956    0.5031

    0.0960    0.5042

    0.0958    0.5021

    0.0956    0.5030

    0.0959    0.5012

    0.0975    0.5006

    0.0954    0.5034

    0.0969    0.5021

    0.0974    0.4983

    0.0952    0.5004

    0.0957    0.5030

    0.0955    0.5029

    0.0952    0.5016

    0.0953    0.5014

    0.0956    0.4994

    0.0967    0.5028

    0.0940    0.5022

    0.0945    0.4998

    0.0945    0.5013

    0.0950    0.5001

    0.0963    0.5020

    0.0954    0.5015

    0.0959    0.5001

    0.0948    0.5008

    0.0954    0.4990

    0.0950    0.5033

    0.0952    0.5008

    0.0940    0.4984

    0.0940    0.5012

    0.0934    0.4960

    0.0940    0.4992

    0.0955    0.4992

    0.0943    0.5012

    0.0941    0.5002

    0.0940    0.5021

    0.0937    0.4977

    0.0936    0.4991

    0.0927    0.5002

    0.0923    0.4998

    0.0949    0.4970

    0.0916    0.5003

    0.0931    0.4996

    0.0920    0.5006

    0.0937    0.5006

    0.0924    0.5005

    0.0929    0.4974

    0.0924    0.5012

    0.0910    0.4999

    0.0927    0.4995

    0.0933    0.5013

    0.0922    0.5032

    0.0922    0.4966

    0.0920    0.5013

    0.0902    0.5019

    0.0927    0.5042

    0.0916    0.5002

    0.0908    0.4992

    0.0910    0.4989

    0.0899    0.5031

    0.0915    0.5006

    0.0904    0.4964

    0.0898    0.4976

    0.0916    0.4997

    0.0913    0.4989

    0.0907    0.4999

    0.0917    0.5019

    0.0905    0.4990

    0.0892    0.4974

    0.0906    0.4992

    0.0893    0.4999

    0.0898    0.5020

    0.0893    0.5004

    0.0893    0.5002

    0.0898    0.5003

    0.0888    0.5015

    0.0894    0.4988

    0.0892    0.5027

    0.0895    0.5007

    0.0892    0.4981

    0.0886    0.5011

    0.0894    0.5002

    0.0902    0.5032

    0.0887    0.5006

    0.0888    0.5000

    0.0880    0.4994

    0.0884    0.4997

    0.0897    0.4988

    0.0886    0.5004

    0.0888    0.4985

    0.0885    0.5038

    0.0886    0.5017

    0.0885    0.5006

    0.0882    0.5028

    0.0878    0.4995

    0.0874    0.4990

    0.0869    0.4994

    0.0878    0.5028

    0.0882    0.5007

    0.0874    0.5029

    0.0875    0.4993

    0.0876    0.5006

    0.0879    0.5005

    0.0875    0.4993

    0.0873    0.5021

    0.0873    0.5001

    0.0879    0.5007

    0.0884    0.5002

    0.0869    0.5023

    0.0871    0.5000

    0.0878    0.4973

    0.0888    0.5029

    0.0879    0.4959

    0.0873    0.5002

    0.0879    0.5035

    0.0871    0.5023

    0.0865    0.4986

    0.0873    0.4962

    0.0869    0.4983

    0.0869    0.5022

    0.0878    0.4998

    0.0865    0.5021

    0.0869    0.4998

    0.0866    0.4977

    0.0869    0.5012

    0.0864    0.5001

    0.0862    0.4994

    0.0873    0.4982

    0.0872    0.5027

    0.0862    0.5028

    0.0864    0.4959

    0.0863    0.4999

    0.0869    0.4945

    0.0872    0.5027

    0.0859    0.4996

    0.0856    0.5029

    0.0866    0.5013

    0.0860    0.4999

    0.0869    0.5017

    0.0863    0.4999

    0.0864    0.5001

    0.0857    0.5030

    0.0850    0.4998

    0.0861    0.5024

    0.0864    0.5015

    0.0860    0.5023

    0.0848    0.5008

    0.0858    0.4978

    0.0861    0.5001

    0.0861    0.4978

    0.0856    0.5028

    0.0854    0.4987

    0.0858    0.5027

    0.0855    0.5013

    0.0862    0.4993

    0.0847    0.5040

    0.0859    0.5016

    0.0855    0.4998

    0.0850    0.4986

    0.0852    0.4998

    0.0849    0.4994

    0.0858    0.4997

    0.0856    0.5014

    0.0852    0.4996

    0.0856    0.4984

    0.0850    0.5047

    0.0858    0.5023

    0.0850    0.4995

    0.0856    0.5002

    0.0852    0.4991

    0.0847    0.5008

    0.0854    0.5022

    0.0853    0.5003

    0.0847    0.4972

    0.0848    0.5002

    0.0845    0.5005

    0.0852    0.4983

    0.0847    0.4993

    0.0848    0.5009

    0.0849    0.4989

    0.0847    0.4993

    0.0843    0.4985

    0.0850    0.4984

    0.0851    0.5012

    0.0849    0.4994

    0.0845    0.4993

    0.0854    0.4978

    0.0848    0.4996

    0.0841    0.4984

    0.0845    0.4989

    0.0848    0.4997

    0.0841    0.5008

    0.0845    0.4996

    0.0843    0.5005

    0.0846    0.5009

    0.0845    0.5002

    0.0848    0.5002

    0.0846    0.5018

    0.0842    0.5003

    0.0840    0.4974

    0.0842    0.4967

    0.0845    0.4964

    0.0844    0.4979

    0.0843    0.4975

    0.0840    0.4987

    0.0843    0.4995

    0.0849    0.5000

    0.0840    0.5012

    0.0843    0.5006

    0.0847    0.4980

    0.0848    0.5001

    0.0845    0.4963

    0.0841    0.5020

    0.0837    0.4956

    0.0838    0.5029

    0.0846    0.4986

    0.0843    0.5016

    0.0839    0.4990

    0.0841    0.5005

    0.0845    0.5005

    0.0841    0.5023

    0.0840    0.4971

    0.0842    0.5023

    0.0843    0.5005

    0.0839    0.5044

    0.0843    0.4985

    0.0840    0.5005

    0.0838    0.5023

    0.0838    0.4995

    0.0839    0.4990

    0.0840    0.4994

    0.0841    0.5009

    0.0836    0.5002

    0.0836    0.4997

    0.0841    0.5002

    0.0837    0.4963

    0.0840    0.4986

    0.0834    0.4975

    0.0836    0.5018

    0.0836    0.5000

    0.0838    0.5016

    0.0838    0.4986

    0.0840    0.4999

    0.0838    0.4992

    0.0841    0.5006

    0.0838    0.5000

    0.0840    0.5001

    0.0840    0.4997

    0.0834    0.5031

    0.0837    0.5018

    0.0838    0.5005

    0.0837    0.5027

    0.0839    0.5023

    0.0835    0.5013

    0.0839    0.4992

    0.0838    0.5006

    0.0836    0.4999

    0.0836    0.4959

    0.0835    0.5016

reason for stop
[mse,epoch,mingrad,valstop] 0     1     0  1914
activations saved
    0.0826

